<?xml version="1.0" encoding="UTF-8" ?>
<testsuite tests="1" failures="0" name="com.yuhao.Test" time="2.107" errors="0" skipped="0">
  <properties>
    <property name="idea.version" value="2021.3.1"/>
    <property name="java.runtime.name" value="OpenJDK Runtime Environment"/>
    <property name="sun.boot.library.path" value="C:\Users\yh139\.jdks\corretto-1.8.0_322\jre\bin"/>
    <property name="java.vm.version" value="25.322-b06"/>
    <property name="java.vm.vendor" value="Amazon.com Inc."/>
    <property name="maven.multiModuleProjectDirectory" value="D:\IdeaWorkSpace\spring cloud\SSM\health_parent"/>
    <property name="java.vendor.url" value="https://aws.amazon.com/corretto/"/>
    <property name="path.separator" value=";"/>
    <property name="guice.disable.misplaced.annotation.check" value="true"/>
    <property name="java.vm.name" value="OpenJDK 64-Bit Server VM"/>
    <property name="file.encoding.pkg" value="sun.io"/>
    <property name="user.script" value=""/>
    <property name="user.country" value="CN"/>
    <property name="sun.java.launcher" value="SUN_STANDARD"/>
    <property name="sun.os.patch.level" value=""/>
    <property name="java.vm.specification.name" value="Java Virtual Machine Specification"/>
    <property name="user.dir" value="D:\IdeaWorkSpace\spring cloud\SSM\health_parent"/>
    <property name="java.runtime.version" value="1.8.0_322-b06"/>
    <property name="java.awt.graphicsenv" value="sun.awt.Win32GraphicsEnvironment"/>
    <property name="java.endorsed.dirs" value="C:\Users\yh139\.jdks\corretto-1.8.0_322\jre\lib\endorsed"/>
    <property name="os.arch" value="amd64"/>
    <property name="java.io.tmpdir" value="C:\Users\yh139\AppData\Local\Temp\"/>
    <property name="line.separator" value="
"/>
    <property name="java.vm.specification.vendor" value="Oracle Corporation"/>
    <property name="user.variant" value=""/>
    <property name="os.name" value="Windows 10"/>
    <property name="maven.ext.class.path" value="D:\IntelliJ IDEA 2021.3.1\plugins\maven\lib\maven-event-listener.jar"/>
    <property name="classworlds.conf" value="C:\Program Files\Java\maven\apache-maven-3.8.1\bin\m2.conf"/>
    <property name="sun.jnu.encoding" value="GBK"/>
    <property name="java.library.path" value="C:\Users\yh139\.jdks\corretto-1.8.0_322\bin;C:\Windows\Sun\Java\bin;C:\Windows\system32;C:\Windows;D:\vmware\bin\;C:\Program Files\Common Files\Oracle\Java\javapath;D:\app\yh139\product\11.1.0\db_1\bin;C:\Windows\system32;C:\Windows;C:\Windows\System32\Wbem;C:\Windows\System32\WindowsPowerShell\v1.0\;C:\Windows\System32\OpenSSH\;C:\x86_64-8.1.0-release-posix-seh-rt_v6-rev0\mingw64\bin;&quot;C:\Program Files\Java\jdk-15\bin;C:\Program Files\Java\jdk-15\jre\bin;&quot;;C:\Program Files (x86)\NVIDIA Corporation\PhysX\Common;C:\Program Files (x86)\Microsoft SQL Server\100\Tools\Binn\;C:\Program Files\Microsoft SQL Server\100\Tools\Binn\;C:\Program Files\Microsoft SQL Server\100\DTS\Binn\;C:\Program Files\Java\tomcat\CS\apache-tomcat-9.0.54-windows-x64\apache-tomcat-9.0.54\lib;C:\Program Files\Java\maven\apache-maven-3.8.1\bin;D:\mysql\mysql8.0\mysql-8.0.22-winx64\mysql-8.0.22-winx64\bin\;D:\Xshell\;C:\Program Files\Java\tomcat\CS\apache-tomcat-9.0.54-windows-x64\apache-tomcat-9.0.54\bin;&quot;C:\Program Files\Java\tomcat\CS\apache-tomcat-9.0.54-windows-x64\apache-tomcat-9.0.54\lib;C:\Program Files\Java\tomcat\CS\apache-tomcat-9.0.54-windows-x64\apache-tomcat-9.0.54\bin&quot;;D:\Git\cmd;D:\node\node.js\;D:\Dev-Cpp\TDM-GCC-64\bin;C:\Users\yh139\AppData\Local\Programs\Python\Python39\Scripts\;C:\Users\yh139\AppData\Local\Programs\Python\Python39\;C:\Users\yh139\AppData\Local\Microsoft\WindowsApps;D:\Program Files\JetBrains\PyCharm 2020.2.3\bin;;C:\Program Files\JetBrains\IntelliJ IDEA 2021.3.1\bin;;D:\vs studio code\empty\Microsoft VS Code\bin;C:\Users\yh139\AppData\Roaming\npm;."/>
    <property name="maven.conf" value="C:\Program Files\Java\maven\apache-maven-3.8.1/conf"/>
    <property name="java.specification.name" value="Java Platform API Specification"/>
    <property name="java.class.version" value="52.0"/>
    <property name="sun.management.compiler" value="HotSpot 64-Bit Tiered Compilers"/>
    <property name="os.version" value="10.0"/>
    <property name="user.home" value="C:\Users\yh139"/>
    <property name="user.timezone" value="Asia/Shanghai"/>
    <property name="java.awt.printerjob" value="sun.awt.windows.WPrinterJob"/>
    <property name="java.specification.version" value="1.8"/>
    <property name="file.encoding" value="UTF-8"/>
    <property name="user.name" value="yh139"/>
    <property name="java.class.path" value="C:\Program Files\Java\maven\apache-maven-3.8.1\boot\plexus-classworlds-2.6.0.jar;C:\Program Files\Java\maven\apache-maven-3.8.1\boot\plexus-classworlds.license;D:\IntelliJ IDEA 2021.3.1\lib\idea_rt.jar"/>
    <property name="java.vm.specification.version" value="1.8"/>
    <property name="sun.arch.data.model" value="64"/>
    <property name="java.home" value="C:\Users\yh139\.jdks\corretto-1.8.0_322\jre"/>
    <property name="sun.java.command" value="org.codehaus.classworlds.Launcher -Didea.version=2021.3.1 -s C:\Program Files\Java\maven\apache-maven-3.8.1\conf\settings.xml install"/>
    <property name="java.specification.vendor" value="Oracle Corporation"/>
    <property name="user.language" value="zh"/>
    <property name="awt.toolkit" value="sun.awt.windows.WToolkit"/>
    <property name="java.vm.info" value="mixed mode"/>
    <property name="java.version" value="1.8.0_322"/>
    <property name="java.ext.dirs" value="C:\Users\yh139\.jdks\corretto-1.8.0_322\jre\lib\ext;C:\Windows\Sun\Java\lib\ext"/>
    <property name="sun.boot.class.path" value="C:\Users\yh139\.jdks\corretto-1.8.0_322\jre\lib\resources.jar;C:\Users\yh139\.jdks\corretto-1.8.0_322\jre\lib\rt.jar;C:\Users\yh139\.jdks\corretto-1.8.0_322\jre\lib\sunrsasign.jar;C:\Users\yh139\.jdks\corretto-1.8.0_322\jre\lib\jsse.jar;C:\Users\yh139\.jdks\corretto-1.8.0_322\jre\lib\jce.jar;C:\Users\yh139\.jdks\corretto-1.8.0_322\jre\lib\charsets.jar;C:\Users\yh139\.jdks\corretto-1.8.0_322\jre\lib\jfr.jar;C:\Users\yh139\.jdks\corretto-1.8.0_322\jre\classes"/>
    <property name="java.vendor" value="Amazon.com Inc."/>
    <property name="maven.home" value="C:\Program Files\Java\maven\apache-maven-3.8.1"/>
    <property name="file.separator" value="\"/>
    <property name="java.vendor.url.bug" value="https://github.com/corretto/corretto-8/issues/"/>
    <property name="sun.cpu.endian" value="little"/>
    <property name="sun.io.unicode.encoding" value="UnicodeLittle"/>
    <property name="sun.desktop" value="windows"/>
    <property name="sun.cpu.isalist" value="amd64"/>
  </properties>
  <testcase classname="com.yuhao.Test" name="test1" time="2.107"/>
</testsuite>